Started GET "/" for ::1 at 2025-08-18 11:27:14 -0400
  [1m[35m (1.9ms)[0m  [1m[35mCREATE TABLE "schema_migrations" ("version" varchar NOT NULL PRIMARY KEY) /*application='PhrgRailsUsingErb'*/[0m
  [1m[35m (0.2ms)[0m  [1m[35mCREATE TABLE "ar_internal_metadata" ("key" varchar NOT NULL PRIMARY KEY, "value" varchar, "created_at" datetime(6) NOT NULL, "updated_at" datetime(6) NOT NULL) /*application='PhrgRailsUsingErb'*/[0m
  [1m[36mActiveRecord::SchemaMigration Load (0.1ms)[0m  [1m[34mSELECT "schema_migrations"."version" FROM "schema_migrations" ORDER BY "schema_migrations"."version" ASC /*application='PhrgRailsUsingErb'*/[0m
  
NoMethodError (undefined method `allow_browser' for class ApplicationController):
  
app/controllers/application_controller.rb:3:in `<class:ApplicationController>'
app/controllers/application_controller.rb:1:in `<main>'
app/controllers/pages_controller.rb:1:in `<main>'
Started GET "/" for 127.0.0.1 at 2025-08-18 11:29:37 -0400
  [1m[36mActiveRecord::SchemaMigration Load (0.1ms)[0m  [1m[34mSELECT "schema_migrations"."version" FROM "schema_migrations" ORDER BY "schema_migrations"."version" ASC /*application='PhrgRailsUsingErb'*/[0m
  
NoMethodError (undefined method `allow_browser' for class ApplicationController):
  
app/controllers/application_controller.rb:3:in `<class:ApplicationController>'
app/controllers/application_controller.rb:1:in `<main>'
app/controllers/pages_controller.rb:1:in `<main>'
Started GET "/" for 127.0.0.1 at 2025-08-18 11:30:48 -0400
  [1m[36mActiveRecord::SchemaMigration Load (0.1ms)[0m  [1m[34mSELECT "schema_migrations"."version" FROM "schema_migrations" ORDER BY "schema_migrations"."version" ASC /*application='PhrgRailsUsingErb'*/[0m
Processing by PagesController#index as HTML
  Rendering layout layouts/application.html.erb
  Rendering pages/index.html.erb within layouts/application
  Rendered pages/index.html.erb within layouts/application (Duration: 0.3ms | Allocations: 495)
  Rendered layout layouts/application.html.erb (Duration: 4.0ms | Allocations: 8412)
Completed 200 OK in 54ms (Views: 5.8ms | ActiveRecord: 0.0ms | Allocations: 13101)


Started GET "/assets/application-8b441ae0.css" for 127.0.0.1 at 2025-08-18 11:30:49 -0400
Started GET "/" for ::1 at 2025-08-18 11:30:49 -0400
Processing by PagesController#index as */*
  Rendering layout layouts/application.html.erb
  Rendering pages/index.html.erb within layouts/application
  Rendered pages/index.html.erb within layouts/application (Duration: 0.0ms | Allocations: 33)
  Rendered layout layouts/application.html.erb (Duration: 0.4ms | Allocations: 311)
Completed 200 OK in 22ms (Views: 0.7ms | ActiveRecord: 0.0ms | Allocations: 662)


Started GET "/" for ::1 at 2025-08-18 11:30:51 -0400
Processing by PagesController#index as */*
  Rendering layout layouts/application.html.erb
  Rendering pages/index.html.erb within layouts/application
  Rendered pages/index.html.erb within layouts/application (Duration: 0.0ms | Allocations: 33)
  Rendered layout layouts/application.html.erb (Duration: 0.4ms | Allocations: 311)
Completed 200 OK in 22ms (Views: 0.6ms | ActiveRecord: 0.0ms | Allocations: 581)


Started GET "/" for ::1 at 2025-08-18 11:30:53 -0400
Processing by PagesController#index as */*
  Rendering layout layouts/application.html.erb
  Rendering pages/index.html.erb within layouts/application
  Rendered pages/index.html.erb within layouts/application (Duration: 0.0ms | Allocations: 33)
  Rendered layout layouts/application.html.erb (Duration: 0.5ms | Allocations: 311)
Completed 200 OK in 24ms (Views: 0.8ms | ActiveRecord: 0.0ms | Allocations: 582)


Started GET "/" for 127.0.0.1 at 2025-08-18 11:31:23 -0400
  [1m[36mActiveRecord::SchemaMigration Load (0.1ms)[0m  [1m[34mSELECT "schema_migrations"."version" FROM "schema_migrations" ORDER BY "schema_migrations"."version" ASC /*application='PhrgRailsUsingErb'*/[0m
Processing by PagesController#index as HTML
  Rendering layout layouts/application.html.erb
  Rendering pages/index.html.erb within layouts/application
  Rendered pages/index.html.erb within layouts/application (Duration: 0.3ms | Allocations: 496)
  Rendered layout layouts/application.html.erb (Duration: 9.4ms | Allocations: 10873)
Completed 200 OK in 57ms (Views: 11.6ms | ActiveRecord: 0.0ms | Allocations: 14979)


